<?xml version="1.0"?><coverage lines-covered="99" lines-valid="307" line-rate="0.32247557003257327" branches-covered="0" branches-valid="0" branch-rate="0" complexity="0" version="1.9" timestamp="1636497857"><sources><source>/volume</source></sources><packages><package name="foo/src" line-rate="0" branch-rate="0" complexity="0"><classes></classes></package><package name="src/backend" line-rate="0.31952662721893493" branch-rate="0" complexity="0"><classes><class name="cache" filename="src/backend/cache.rs" line-rate="1" branch-rate="0" complexity="0"><methods/><lines><line number="44" hits="1"/><line number="45" hits="1"/><line number="48" hits="1"/><line number="52" hits="1"/><line number="53" hits="1"/><line number="54" hits="2"/><line number="62" hits="1"/><line number="63" hits="4"/><line number="66" hits="1"/><line number="67" hits="4"/><line number="68" hits="3"/><line number="70" hits="1"/><line number="74" hits="1"/><line number="75" hits="4"/><line number="76" hits="2"/><line number="78" hits="1"/><line number="82" hits="1"/><line number="86" hits="4"/><line number="87" hits="3"/><line number="89" hits="5"/><line number="91" hits="1"/><line number="95" hits="1"/><line number="99" hits="4"/><line number="100" hits="3"/><line number="102" hits="3"/><line number="103" hits="1"/><line number="104" hits="1"/><line number="107" hits="2"/><line number="111" hits="1"/><line number="112" hits="4"/><line number="113" hits="3"/><line number="115" hits="3"/><line number="119" hits="2"/><line number="128" hits="8"/><line number="129" hits="6"/><line number="131" hits="6"/><line number="132" hits="1"/><line number="135" hits="3"/><line number="137" hits="3"/><line number="139" hits="1"/><line number="143" hits="1"/><line number="152" hits="4"/><line number="153" hits="3"/><line number="155" hits="5"/><line number="157" hits="1"/><line number="161" hits="1"/><line number="170" hits="4"/><line number="171" hits="3"/><line number="173" hits="1"/><line number="177" hits="1"/><line number="178" hits="4"/><line number="179" hits="3"/><line number="181" hits="3"/><line number="183" hits="1"/></lines></class><class name="json" filename="src/backend/json.rs" line-rate="0" branch-rate="0" complexity="0"><methods/><lines><line number="57" hits="0"/><line number="58" hits="0"/><line number="60" hits="0"/><line number="61" hits="0"/><line number="63" hits="0"/><line number="64" hits="0"/><line number="69" hits="0"/><line number="70" hits="0"/><line number="72" hits="0"/><line number="73" hits="0"/><line number="76" hits="0"/><line number="79" hits="0"/><line number="80" hits="0"/><line number="82" hits="0"/><line number="84" hits="0"/><line number="87" hits="0"/><line number="90" hits="0"/><line number="92" hits="0"/><line number="94" hits="0"/><line number="96" hits="0"/><line number="104" hits="0"/><line number="105" hits="0"/><line number="106" hits="0"/><line number="107" hits="0"/><line number="110" hits="0"/><line number="114" hits="0"/><line number="115" hits="0"/><line number="116" hits="0"/><line number="118" hits="0"/><line number="119" hits="0"/><line number="120" hits="0"/><line number="121" hits="0"/><line number="126" hits="0"/><line number="127" hits="0"/><line number="128" hits="0"/><line number="130" hits="0"/><line number="134" hits="0"/><line number="135" hits="0"/><line number="136" hits="0"/><line number="137" hits="0"/><line number="140" hits="0"/><line number="148" hits="0"/><line number="149" hits="0"/><line number="150" hits="0"/><line number="152" hits="0"/><line number="153" hits="0"/><line number="155" hits="0"/><line number="156" hits="0"/><line number="159" hits="0"/><line number="161" hits="0"/><line number="162" hits="0"/><line number="165" hits="0"/><line number="168" hits="0"/><line number="176" hits="0"/><line number="177" hits="0"/><line number="178" hits="0"/><line number="179" hits="0"/><line number="180" hits="0"/><line number="181" hits="0"/><line number="182" hits="0"/><line number="183" hits="0"/><line number="184" hits="0"/><line number="187" hits="0"/><line number="188" hits="0"/><line number="192" hits="0"/><line number="193" hits="0"/><line number="194" hits="0"/><line number="195" hits="0"/><line number="197" hits="0"/><line number="198" hits="0"/><line number="199" hits="0"/><line number="200" hits="0"/><line number="214" hits="0"/><line number="215" hits="0"/><line number="217" hits="0"/><line number="219" hits="0"/><line number="220" hits="0"/><line number="223" hits="0"/><line number="225" hits="0"/><line number="227" hits="0"/><line number="240" hits="0"/><line number="241" hits="0"/><line number="243" hits="0"/><line number="245" hits="0"/><line number="247" hits="0"/><line number="249" hits="0"/><line number="262" hits="0"/><line number="263" hits="0"/><line number="265" hits="0"/><line number="269" hits="0"/><line number="270" hits="0"/><line number="271" hits="0"/><line number="273" hits="0"/><line number="275" hits="0"/></lines></class><class name="mod" filename="src/backend/mod.rs" line-rate="0" branch-rate="0" complexity="0"><methods/><lines><line number="45" hits="0"/><line number="46" hits="0"/><line number="60" hits="0"/><line number="61" hits="0"/><line number="85" hits="0"/><line number="86" hits="0"/><line number="87" hits="0"/><line number="88" hits="0"/><line number="91" hits="0"/><line number="107" hits="0"/><line number="108" hits="0"/><line number="110" hits="0"/><line number="111" hits="0"/><line number="112" hits="0"/><line number="113" hits="0"/><line number="115" hits="0"/><line number="118" hits="0"/><line number="155" hits="0"/><line number="156" hits="0"/><line number="157" hits="0"/><line number="160" hits="0"/></lines></class></classes></package><package name="starchart-derive/src" line-rate="0" branch-rate="0" complexity="0"><classes></classes></package><package name="src" line-rate="0.32247557003257327" branch-rate="0" complexity="0"><classes><class name="action" filename="src/action.rs" line-rate="0.8125" branch-rate="0" complexity="0"><methods/><lines><line number="32" hits="1"/><line number="43" hits="1"/><line number="44" hits="1"/><line number="48" hits="1"/><line number="49" hits="1"/><line number="53" hits="1"/><line number="54" hits="1"/><line number="62" hits="1"/><line number="63" hits="1"/><line number="67" hits="1"/><line number="68" hits="1"/><line number="72" hits="1"/><line number="73" hits="1"/><line number="77" hits="1"/><line number="78" hits="1"/><line number="86" hits="1"/><line number="87" hits="1"/><line number="88" hits="1"/><line number="90" hits="1"/><line number="92" hits="0"/><line number="102" hits="1"/><line number="103" hits="1"/><line number="104" hits="0"/><line number="107" hits="2"/><line number="108" hits="1"/><line number="111" hits="1"/><line number="113" hits="1"/><line number="118" hits="1"/><line number="154" hits="0"/><line number="155" hits="0"/><line number="173" hits="0"/><line number="174" hits="0"/></lines></class><class name="atomics" filename="src/atomics.rs" line-rate="1" branch-rate="0" complexity="0"><methods/><lines><line number="73" hits="1"/><line number="80" hits="1"/><line number="81" hits="1"/><line number="104" hits="1"/><line number="105" hits="1"/><line number="110" hits="1"/><line number="111" hits="1"/><line number="115" hits="1"/><line number="117" hits="1"/><line number="121" hits="1"/><line number="123" hits="1"/><line number="129" hits="1"/><line number="130" hits="1"/><line number="135" hits="1"/><line number="136" hits="1"/><line number="146" hits="1"/><line number="147" hits="1"/><line number="157" hits="1"/><line number="158" hits="1"/></lines></class><class name="database" filename="src/database.rs" line-rate="0" branch-rate="0" complexity="0"><methods/><lines><line number="40" hits="0"/><line number="41" hits="0"/><line number="54" hits="0"/><line number="56" hits="0"/><line number="58" hits="0"/><line number="71" hits="0"/><line number="73" hits="0"/><line number="74" hits="0"/><line number="76" hits="0"/><line number="79" hits="0"/><line number="92" hits="0"/><line number="94" hits="0"/><line number="95" hits="0"/><line number="97" hits="0"/><line number="100" hits="0"/><line number="113" hits="0"/><line number="115" hits="0"/><line number="116" hits="0"/><line number="118" hits="0"/><line number="121" hits="0"/><line number="134" hits="0"/><line number="136" hits="0"/><line number="138" hits="0"/><line number="146" hits="0"/><line number="148" hits="0"/><line number="149" hits="0"/><line number="150" hits="0"/><line number="151" hits="0"/><line number="159" hits="0"/><line number="161" hits="0"/><line number="162" hits="0"/><line number="165" hits="0"/><line number="170" hits="0"/><line number="172" hits="0"/><line number="173" hits="0"/><line number="174" hits="0"/></lines></class><class name="gateway" filename="src/gateway.rs" line-rate="0" branch-rate="0" complexity="0"><methods/><lines><line number="26" hits="0"/><line number="32" hits="0"/><line number="33" hits="0"/><line number="38" hits="0"/><line number="39" hits="0"/><line number="47" hits="0"/><line number="48" hits="0"/><line number="49" hits="0"/><line number="60" hits="0"/><line number="61" hits="0"/><line number="84" hits="0"/><line number="85" hits="0"/><line number="93" hits="0"/><line number="94" hits="0"/><line number="95" hits="0"/><line number="96" hits="0"/><line number="97" hits="0"/><line number="120" hits="0"/><line number="122" hits="0"/><line number="123" hits="0"/><line number="126" hits="0"/><line number="143" hits="0"/><line number="145" hits="0"/><line number="146" hits="0"/><line number="148" hits="0"/><line number="150" hits="0"/><line number="171" hits="0"/><line number="173" hits="0"/><line number="174" hits="0"/><line number="177" hits="0"/><line number="180" hits="0"/><line number="182" hits="0"/><line number="201" hits="0"/><line number="202" hits="0"/><line number="203" hits="0"/><line number="206" hits="0"/><line number="208" hits="0"/><line number="210" hits="0"/><line number="228" hits="0"/><line number="230" hits="0"/><line number="231" hits="0"/><line number="232" hits="0"/><line number="235" hits="0"/><line number="252" hits="0"/><line number="254" hits="0"/><line number="256" hits="0"/><line number="261" hits="0"/><line number="263" hits="0"/><line number="264" hits="0"/><line number="270" hits="0"/><line number="271" hits="0"/></lines></class></classes></package></packages></coverage>